1598407924916	mozrunner::runner	INFO	Running command: "C:\\Program Files\\Mozilla Firefox\\firefox.exe" "-marionette" "-foreground" "-no-remote" "-profile" "C:\\Users\\doudou\\AppData\\Local\\Temp\\rust_mozprofileQXrN4e"
JavaScript error: resource://gre/modules/XULStore.jsm, line 66: Error: Can't find profile directory.
console.error: SearchCache: "_readCacheFile: Error reading cache file:" (new Error("", "(unknown module)"))
1598407929202	Marionette	INFO	Listening on port 58711
1598407929673	Marionette	WARN	TLS certificate errors will be ignored for this session
1598407937335	Marionette	INFO	Stopped listening on port 58711

###!!! [Child][MessageChannel::SendAndWait] Error: Channel error: cannot send/recv

1598407943691	mozrunner::runner	INFO	Running command: "C:\\Program Files\\Mozilla Firefox\\firefox.exe" "-marionette" "-foreground" "-no-remote" "-profile" "C:\\Users\\doudou\\AppData\\Local\\Temp\\rust_mozprofileNUfP9k"
JavaScript error: resource://gre/modules/XULStore.jsm, line 66: Error: Can't find profile directory.
console.error: SearchCache: "_readCacheFile: Error reading cache file:" (new Error("", "(unknown module)"))
1598407947124	Marionette	INFO	Listening on port 58811
1598407947328	Marionette	WARN	TLS certificate errors will be ignored for this session
1598407954519	Marionette	INFO	Stopped listening on port 58811

###!!! [Child][RunMessage] Error: Channel closing: too late to send/recv, messages will be lost


###!!! [Child][MessageChannel::SendAndWait] Error: Channel error: cannot send/recv

1598408819780	mozrunner::runner	INFO	Running command: "C:\\Program Files\\Mozilla Firefox\\firefox.exe" "-marionette" "-foreground" "-no-remote" "-profile" "C:\\Users\\doudou\\AppData\\Local\\Temp\\rust_mozprofilexo3aY9"
JavaScript error: resource://gre/modules/XULStore.jsm, line 66: Error: Can't find profile directory.
console.error: SearchCache: "_readCacheFile: Error reading cache file:" (new Error("", "(unknown module)"))
1598408823634	Marionette	INFO	Listening on port 59308
1598408823912	Marionette	WARN	TLS certificate errors will be ignored for this session
1598408831655	Marionette	INFO	Stopped listening on port 59308

###!!! [Child][RunMessage] Error: Channel closing: too late to send/recv, messages will be lost


###!!! [Child][MessageChannel::SendAndWait] Error: Channel error: cannot send/recv

1598408838448	mozrunner::runner	INFO	Running command: "C:\\Program Files\\Mozilla Firefox\\firefox.exe" "-marionette" "-foreground" "-no-remote" "-profile" "C:\\Users\\doudou\\AppData\\Local\\Temp\\rust_mozprofileAhiKzu"
JavaScript error: resource://gre/modules/XULStore.jsm, line 66: Error: Can't find profile directory.
console.error: SearchCache: "_readCacheFile: Error reading cache file:" (new Error("", "(unknown module)"))
1598408842126	Marionette	INFO	Listening on port 59407
1598408842590	Marionette	WARN	TLS certificate errors will be ignored for this session
1598408849924	Marionette	INFO	Stopped listening on port 59407

###!!! [Child][RunMessage] Error: Channel closing: too late to send/recv, messages will be lost


###!!! [Child][MessageChannel::SendAndWait] Error: Channel error: cannot send/recv

1598408856692	mozrunner::runner	INFO	Running command: "C:\\Program Files\\Mozilla Firefox\\firefox.exe" "-marionette" "-foreground" "-no-remote" "-profile" "C:\\Users\\doudou\\AppData\\Local\\Temp\\rust_mozprofileY4ntNt"
JavaScript error: resource://gre/modules/XULStore.jsm, line 66: Error: Can't find profile directory.
console.error: SearchCache: "_readCacheFile: Error reading cache file:" (new Error("", "(unknown module)"))
1598408860351	Marionette	INFO	Listening on port 59548
1598408860844	Marionette	WARN	TLS certificate errors will be ignored for this session
1598408868660	Marionette	INFO	Stopped listening on port 59548

###!!! [Child][RunMessage] Error: Channel closing: too late to send/recv, messages will be lost


###!!! [Child][MessageChannel::SendAndWait] Error: Channel error: cannot send/recv

1598409720968	mozrunner::runner	INFO	Running command: "C:\\Program Files\\Mozilla Firefox\\firefox.exe" "-marionette" "-foreground" "-no-remote" "-profile" "C:\\Users\\doudou\\AppData\\Local\\Temp\\rust_mozprofiletxZ21X"
JavaScript error: resource://gre/modules/XULStore.jsm, line 66: Error: Can't find profile directory.
console.error: SearchCache: "_readCacheFile: Error reading cache file:" (new Error("", "(unknown module)"))
1598409724459	Marionette	INFO	Listening on port 60003
1598409724625	Marionette	WARN	TLS certificate errors will be ignored for this session
1598409737736	Marionette	INFO	Stopped listening on port 60003
1598414360486	mozrunner::runner	INFO	Running command: "C:\\Program Files\\Mozilla Firefox\\firefox.exe" "-marionette" "-foreground" "-no-remote" "-profile" "C:\\Users\\doudou\\AppData\\Local\\Temp\\rust_mozprofileBq2IyJ"
JavaScript error: resource://gre/modules/XULStore.jsm, line 66: Error: Can't find profile directory.
console.error: SearchCache: "_readCacheFile: Error reading cache file:" (new Error("", "(unknown module)"))
1598414364642	Marionette	INFO	Listening on port 62892
1598414364730	Marionette	WARN	TLS certificate errors will be ignored for this session
1598414375935	Marionette	INFO	Stopped listening on port 62892

###!!! [Child][RunMessage] Error: Channel closing: too late to send/recv, messages will be lost


###!!! [Child][MessageChannel::SendAndWait] Error: Channel error: cannot send/recv

1598414382516	mozrunner::runner	INFO	Running command: "C:\\Program Files\\Mozilla Firefox\\firefox.exe" "-marionette" "-foreground" "-no-remote" "-profile" "C:\\Users\\doudou\\AppData\\Local\\Temp\\rust_mozprofile7stWWA"
JavaScript error: resource://gre/modules/XULStore.jsm, line 66: Error: Can't find profile directory.
console.error: SearchCache: "_readCacheFile: Error reading cache file:" (new Error("", "(unknown module)"))
1598414386077	Marionette	INFO	Listening on port 62995
1598414386153	Marionette	WARN	TLS certificate errors will be ignored for this session
1598414393673	Marionette	INFO	Stopped listening on port 62995

###!!! [Child][RunMessage] Error: Channel closing: too late to send/recv, messages will be lost


###!!! [Child][MessageChannel::SendAndWait] Error: Channel error: cannot send/recv

1598414400071	mozrunner::runner	INFO	Running command: "C:\\Program Files\\Mozilla Firefox\\firefox.exe" "-marionette" "-foreground" "-no-remote" "-profile" "C:\\Users\\doudou\\AppData\\Local\\Temp\\rust_mozprofilexQndjN"
JavaScript error: resource://gre/modules/XULStore.jsm, line 66: Error: Can't find profile directory.
console.error: SearchCache: "_readCacheFile: Error reading cache file:" (new Error("", "(unknown module)"))
1598414403598	Marionette	INFO	Listening on port 63106
1598414403701	Marionette	WARN	TLS certificate errors will be ignored for this session
1598414411709	Marionette	INFO	Stopped listening on port 63106

###!!! [Child][RunMessage] Error: Channel closing: too late to send/recv, messages will be lost


###!!! [Child][MessageChannel::SendAndWait] Error: Channel error: cannot send/recv

1598414418668	mozrunner::runner	INFO	Running command: "C:\\Program Files\\Mozilla Firefox\\firefox.exe" "-marionette" "-foreground" "-no-remote" "-profile" "C:\\Users\\doudou\\AppData\\Local\\Temp\\rust_mozprofileOcevuG"
JavaScript error: resource://gre/modules/XULStore.jsm, line 66: Error: Can't find profile directory.
console.error: SearchCache: "_readCacheFile: Error reading cache file:" (new Error("", "(unknown module)"))
1598414424412	Marionette	INFO	Listening on port 63217
1598414424429	Marionette	WARN	TLS certificate errors will be ignored for this session
1598414436993	Marionette	INFO	Stopped listening on port 63217

###!!! [Child][RunMessage] Error: Channel closing: too late to send/recv, messages will be lost


###!!! [Child][MessageChannel::SendAndWait] Error: Channel error: cannot send/recv

1598427353275	mozrunner::runner	INFO	Running command: "C:\\Program Files\\Mozilla Firefox\\firefox.exe" "-marionette" "-foreground" "-no-remote" "-profile" "C:\\Users\\doudou\\AppData\\Local\\Temp\\rust_mozprofileTUVXHV"
JavaScript error: resource://gre/modules/XULStore.jsm, line 66: Error: Can't find profile directory.
console.error: SearchCache: "_readCacheFile: Error reading cache file:" (new Error("", "(unknown module)"))
1598427357661	Marionette	INFO	Listening on port 2627
1598427358015	Marionette	WARN	TLS certificate errors will be ignored for this session
JavaScript warning: http://code.jquery.com/jquery-1.9.1.min.js, line 2: Using //@ to indicate sourceMappingURL pragmas is deprecated. Use //# instead
1598427421579	Marionette	INFO	Stopped listening on port 2627

###!!! [Child][RunMessage] Error: Channel closing: too late to send/recv, messages will be lost


###!!! [Child][MessageChannel::SendAndWait] Error: Channel error: cannot send/recv

1598427466571	mozrunner::runner	INFO	Running command: "C:\\Program Files\\Mozilla Firefox\\firefox.exe" "-marionette" "-foreground" "-no-remote" "-profile" "C:\\Users\\doudou\\AppData\\Local\\Temp\\rust_mozprofiledJUOyy"
JavaScript error: resource://gre/modules/XULStore.jsm, line 66: Error: Can't find profile directory.
console.error: SearchCache: "_readCacheFile: Error reading cache file:" (new Error("", "(unknown module)"))
1598427470430	Marionette	INFO	Listening on port 2753
1598427470732	Marionette	WARN	TLS certificate errors will be ignored for this session
JavaScript warning: http://code.jquery.com/jquery-1.9.1.min.js, line 2: Using //@ to indicate sourceMappingURL pragmas is deprecated. Use //# instead
1598427496949	Marionette	INFO	Stopped listening on port 2753

###!!! [Child][RunMessage] Error: Channel closing: too late to send/recv, messages will be lost


###!!! [Child][MessageChannel::SendAndWait] Error: Channel error: cannot send/recv

1598427757785	mozrunner::runner	INFO	Running command: "C:\\Program Files\\Mozilla Firefox\\firefox.exe" "-marionette" "-foreground" "-no-remote" "-profile" "C:\\Users\\doudou\\AppData\\Local\\Temp\\rust_mozprofileRHX4OE"
JavaScript error: resource://gre/modules/XULStore.jsm, line 66: Error: Can't find profile directory.
console.error: SearchCache: "_readCacheFile: Error reading cache file:" (new Error("", "(unknown module)"))
1598427761580	Marionette	INFO	Listening on port 3059
1598427761918	Marionette	WARN	TLS certificate errors will be ignored for this session
console.error: Region.jsm: "Error fetching region" (new AbortError("The operation was aborted. ", (void 0), 636))
console.error: Region.jsm: "Failed to fetch region" (new Error("NO_RESULT", "resource://gre/modules/Region.jsm", 343))
JavaScript warning: http://code.jquery.com/jquery-1.9.1.min.js, line 2: Using //@ to indicate sourceMappingURL pragmas is deprecated. Use //# instead
1598427796321	Marionette	INFO	Stopped listening on port 3059

###!!! [Child][RunMessage] Error: Channel closing: too late to send/recv, messages will be lost


###!!! [Child][MessageChannel::SendAndWait] Error: Channel error: cannot send/recv

1598427847090	mozrunner::runner	INFO	Running command: "C:\\Program Files\\Mozilla Firefox\\firefox.exe" "-marionette" "-foreground" "-no-remote" "-profile" "C:\\Users\\doudou\\AppData\\Local\\Temp\\rust_mozprofileOwV63m"
JavaScript error: resource://gre/modules/XULStore.jsm, line 66: Error: Can't find profile directory.
console.error: SearchCache: "_readCacheFile: Error reading cache file:" (new Error("", "(unknown module)"))
1598427850978	Marionette	INFO	Listening on port 3170
1598427851242	Marionette	WARN	TLS certificate errors will be ignored for this session
JavaScript warning: http://code.jquery.com/jquery-1.9.1.min.js, line 2: Using //@ to indicate sourceMappingURL pragmas is deprecated. Use //# instead
console.error: (new TypeError("nextProps.toolboxDoc.defaultView is null", "resource://devtools/client/shared/components/menu/MenuButton.js", 139))
console.error: (new TypeError("this.browser is undefined", "resource://devtools/client/responsive/components/App.js", 112))
JavaScript error: resource://devtools/client/shared/components/menu/MenuButton.js, line 139: TypeError: nextProps.toolboxDoc.defaultView is null
JavaScript error: resource://devtools/shared/protocol/Front.js, line 77: Error: Connection closed, pending request to server0.conn0.child2/domnode43, type setNodeValue failed

Request stack:
request@resource://devtools/shared/protocol/Front.js:256:14
generateRequestMethods/</frontProto[name]@resource://devtools/shared/protocol/Front/FrontClassWithSpec.js:47:19
showTextEditor/done/</<@resource://devtools/client/inspector/markup/views/text-editor.js:101:25
do@resource://devtools/client/shared/undo.js:70:16
endBatch@resource://devtools/client/shared/undo.js:81:11
do@resource://devtools/client/shared/undo.js:94:10
showTextEditor/done/<@resource://devtools/client/inspector/markup/views/text-editor.js:99:31
process@resource://gre/modules/Promise-backend.js:961:38
walkerLoop@resource://gre/modules/Promise-backend.js:845:29
Promise*scheduleWalkerLoop@resource://gre/modules/Promise-backend.js:775:19
schedulePromise@resource://gre/modules/Promise-backend.js:809:12
completePromise@resource://gre/modules/Promise-backend.js:741:12

1598430440902	Marionette	INFO	Stopped listening on port 3170

###!!! [Child][MessageChannel::SendAndWait] Error: Channel error: cannot send/recv

Using //@ to indicate sourceMappingURL pragmas is deprecated. Use //# instead
1598428091955	Marionette	INFO	Stopped listening on port 3408

###!!! [Child][MessageChannel::SendAndWait] Error: Channel error: cannot send/recv

1598428165037	mozrunner::runner	INFO	Running command: "C:\\Program Files\\Mozilla Firefox\\firefox.exe" "-marionette" "-foreground" "-no-remote" "-profile" "C:\\Users\\doudou\\AppData\\Local\\Temp\\rust_mozprofileWDbKij"
JavaScript error: resource://gre/modules/XULStore.jsm, line 66: Error: Can't find profile directory.
console.error: SearchCache: "_readCacheFile: Error reading cache file:" (new Error("", "(unknown module)"))
1598428168791	Marionette	INFO	Listening on port 3518
1598428169177	Marionette	WARN	TLS certificate errors will be ignored for this session
JavaScript warning: http://code.jquery.com/jquery-1.9.1.min.js, line 2: Using //@ to indicate sourceMappingURL pragmas is deprecated. Use //# instead
1598428193514	Marionette	INFO	Stopped listening on port 3518
console.error: services.settings: 
  main/messaging-experiments Signature failed  TypeError: NetworkError when attempting to fetch resource.

###!!! [Child][RunMessage] Error: Channel closing: too late to send/recv, messages will be lost


###!!! [Child][MessageChannel::SendAndWait] Error: Channel error: cannot send/recv

1598428388149	mozrunner::runner	INFO	Running command: "C:\\Program Files\\Mozilla Firefox\\firefox.exe" "-marionette" "-foreground" "-no-remote" "-profile" "C:\\Users\\doudou\\AppData\\Local\\Temp\\rust_mozprofilectdt4r"
JavaScript error: resource://gre/modules/XULStore.jsm, line 66: Error: Can't find profile directory.
console.error: SearchCache: "_readCacheFile: Error reading cache file:" (new Error("", "(unknown module)"))
1598428391847	Marionette	INFO	Listening on port 3695
1598428392287	Marionette	WARN	TLS certificate errors will be ignored for this session
JavaScript warning: http://code.jquery.com/jquery-1.9.1.min.js, line 2: Using //@ to indicate sourceMappingURL pragmas is deprecated. Use //# instead
1598428439029	Marionette	INFO	Stopped listening on port 3695

###!!! [Child][RunMessage] Error: Channel closing: too late to send/recv, messages will be lost


###!!! [Child][MessageChannel::SendAndWait] Error: Channel error: cannot send/recv

1598428473698	mozrunner::runner	INFO	Running command: "C:\\Program Files\\Mozilla Firefox\\firefox.exe" "-marionette" "-foreground" "-no-remote" "-profile" "C:\\Users\\doudou\\AppData\\Local\\Temp\\rust_mozprofile7wfjmb"
JavaScript error: resource://gre/modules/XULStore.jsm, line 66: Error: Can't find profile directory.
console.error: SearchCache: "_readCacheFile: Error reading cache file:" (new Error("", "(unknown module)"))
1598428477630	Marionette	INFO	Listening on port 3794
1598428477831	Marionette	WARN	TLS certificate errors will be ignored for this session
console.error: Region.jsm: "Error fetching region" (new AbortError("The operation was aborted. ", (void 0), 636))
console.error: Region.jsm: "Failed to fetch region" (new Error("NO_RESULT", "resource://gre/modules/Region.jsm", 343))
JavaScript warning: http://code.jquery.com/jquery-1.9.1.min.js, line 2: Using //@ to indicate sourceMappingURL pragmas is deprecated. Use //# instead
1598430439537	Marionette	INFO	Stopped listening on port 3794

###!!! [Child][RunMessage] Error: Channel closing: too late to send/recv, messages will be lost


###!!! [Child][MessageChannel::SendAndWait] Error: Channel error: cannot send/recv

re/modules/XULStore.jsm, line 66: Error: Can't find profile directory.
console.error: SearchCache: "_readCacheFile: Error reading cache file:" (new Error("", "(unknown module)"))
1598428552704	Marionette	INFO	Listening on port 3907
1598428553119	Marionette	WARN	TLS certificate errors will be ignored for this session
JavaScript warning: http://code.jquery.com/jquery-1.9.1.min.js, line 2: Using //@ to indicate sourceMappingURL pragmas is deprecated. Use //# instead
JavaScript warning: http://code.jquery.com/jquery-1.9.1.min.js, line 3: Script terminated by timeout at:
ot@http://code.jquery.com/jquery-1.9.1.min.js:3:24739
trigger@http://code.jquery.com/jquery-1.9.1.min.js:3:27311
simulate@http://code.jquery.com/jquery-1.9.1.min.js:3:30815
r@http://code.jquery.com/jquery-1.9.1.min.js:4:1788

JavaScript warning: https://g.alicdn.com/AWSC/WebUMID/1.84.0/um.js, line 8: WebGL context was lost.
JavaScript warning: https://g.alicdn.com/AWSC/WebUMID/1.84.0/um.js, line 8: WebGL context was lost.
JavaScript error: , line 0: TypeError: NetworkError when attempting to fetch resource.
JavaScript warning: http://code.jquery.com/jquery-1.9.1.min.js, line 2: Using //@ to indicate sourceMappingURL pragmas is deprecated. Use //# instead
1598431345797	Marionette	INFO	Stopped listening on port 3907

###!!! [Child][MessageChannel::SendAndWait] Error: Channel error: cannot send/recv

s deprecated. Use //# instead
1598428760214	Marionette	INFO	Stopped listening on port 4011

###!!! [Child][RunMessage] Error: Channel closing: too late to send/recv, messages will be lost


###!!! [Child][MessageChannel::SendAndWait] Error: Channel error: cannot send/recv

1598431141341	mozrunner::runner	INFO	Running command: "C:\\Program Files\\Mozilla Firefox\\firefox.exe" "-marionette" "-foreground" "-no-remote" "-profile" "C:\\Users\\doudou\\AppData\\Local\\Temp\\rust_mozprofileQ12dwV"
JavaScript error: resource://gre/modules/XULStore.jsm, line 66: Error: Can't find profile directory.
console.error: SearchCache: "_readCacheFile: Error reading cache file:" (new Error("", "(unknown module)"))
1598431145149	Marionette	INFO	Listening on port 5302
1598431145474	Marionette	WARN	TLS certificate errors will be ignored for this session
1598431160481	Marionette	INFO	Stopped listening on port 5302

###!!! [Child][RunMessage] Error: Channel closing: too late to send/recv, messages will be lost


###!!! [Child][MessageChannel::SendAndWait] Error: Channel error: cannot send/recv

1598431215341	mozrunner::runner	INFO	Running command: "C:\\Program Files\\Mozilla Firefox\\firefox.exe" "-marionette" "-foreground" "-no-remote" "-profile" "C:\\Users\\doudou\\AppData\\Local\\Temp\\rust_mozprofile1ysw2v"
JavaScript error: resource://gre/modules/XULStore.jsm, line 66: Error: Can't find profile directory.
console.error: SearchCache: "_readCacheFile: Error reading cache file:" (new Error("", "(unknown module)"))
1598431219139	Marionette	INFO	Listening on port 5373
1598431219472	Marionette	WARN	TLS certificate errors will be ignored for this session
JavaScript warning: http://code.jquery.com/jquery-1.9.1.min.js, line 2: Using //@ to indicate sourceMappingURL pragmas is deprecated. Use //# instead
1598431344140	Marionette	INFO	Stopped listening on port 5373

###!!! [Child][RunMessage] Error: Channel closing: too late to send/recv, messages will be lost


###!!! [Child][MessageChannel::SendAndWait] Error: Channel error: cannot send/recv

re/modules/XULStore.jsm, line 66: Error: Can't find profile directory.
console.error: SearchCache: "_readCacheFile: Error reading cache file:" (new Error("", "(unknown module)"))
1598431339620	Marionette	INFO	Listening on port 5515
1598431339860	Marionette	WARN	TLS certificate errors will be ignored for this session
JavaScript warning: http://code.jquery.com/jquery-1.9.1.min.js, line 2: Using //@ to indicate sourceMappingURL pragmas is deprecated. Use //# instead
1598431494816	Marionette	INFO	Stopped listening on port 5515

###!!! [Child][RunMessage] Error: Channel closing: too late to send/recv, messages will be lost


###!!! [Child][MessageChannel::SendAndWait] Error: Channel error: cannot send/recv

re/modules/XULStore.jsm, line 66: Error: Can't find profile directory.
console.error: SearchCache: "_readCacheFile: Error reading cache file:" (new Error("", "(unknown module)"))
1598431463509	Marionette	INFO	Listening on port 5635
1598431463809	Marionette	WARN	TLS certificate errors will be ignored for this session
JavaScript warning: http://code.jquery.com/jquery-1.9.1.min.js, line 2: Using //@ to indicate sourceMappingURL pragmas is deprecated. Use //# instead
1598431493511	Marionette	INFO	Stopped listening on port 5635

###!!! [Child][RunMessage] Error: Channel closing: too late to send/recv, messages will be lost


###!!! [Child][MessageChannel::SendAndWait] Error: Channel error: cannot send/recv

1598431499352	mozrunner::runner	INFO	Running command: "C:\\Program Files\\Mozilla Firefox\\firefox.exe" "-marionette" "-foreground" "-no-remote" "-profile" "C:\\Users\\doudou\\AppData\\Local\\Temp\\rust_mozprofileS1GOZY"
JavaScript error: resource://gre/modules/XULStore.jsm, line 66: Error: Can't find profile directory.
console.error: SearchCache: "_readCacheFile: Error reading cache file:" (new Error("", "(unknown module)"))
1598431503096	Marionette	INFO	Listening on port 5719
1598431503483	Marionette	WARN	TLS certificate errors will be ignored for this session
JavaScript warning: http://code.jquery.com/jquery-1.9.1.min.js, line 2: Using //@ to indicate sourceMappingURL pragmas is deprecated. Use //# instead
1598431705116	Marionette	INFO	Stopped listening on port 5719

###!!! [Child][RunMessage] Error: Channel closing: too late to send/recv, messages will be lost


###!!! [Child][MessageChannel::SendAndWait] Error: Channel error: cannot send/recv

re/modules/XULStore.jsm, line 66: Error: Can't find profile directory.
console.error: SearchCache: "_readCacheFile: Error reading cache file:" (new Error("", "(unknown module)"))
1598431631835	Marionette	INFO	Listening on port 5842
1598431632086	Marionette	WARN	TLS certificate errors will be ignored for this session
JavaScript warning: http://code.jquery.com/jquery-1.9.1.min.js, line 2: Using //@ to indicate sourceMappingURL pragmas is deprecated. Use //# instead
1598431703121	Marionette	INFO	Stopped listening on port 5842

###!!! [Child][RunMessage] Error: Channel closing: too late to send/recv, messages will be lost


###!!! [Child][MessageChannel::SendAndWait] Error: Channel error: cannot send/recv

1598432862079	mozrunner::runner	INFO	Running command: "C:\\Program Files\\Mozilla Firefox\\firefox.exe" "-marionette" "-foreground" "-no-remote" "-profile" "C:\\Users\\doudou\\AppData\\Local\\Temp\\rust_mozprofilebAL7gV"
JavaScript error: resource://gre/modules/XULStore.jsm, line 66: Error: Can't find profile directory.
console.error: SearchCache: "_readCacheFile: Error reading cache file:" (new Error("", "(unknown module)"))
1598432866285	Marionette	INFO	Listening on port 27647
1598432866333	Marionette	WARN	TLS certificate errors will be ignored for this session
1598432881202	Marionette	INFO	Stopped listening on port 27647

###!!! [Child][MessageChannel::SendAndWait] Error: Channel error: cannot send/recv

1598432886196	mozrunner::runner	INFO	Running command: "C:\\Program Files\\Mozilla Firefox\\firefox.exe" "-marionette" "-foreground" "-no-remote" "-profile" "C:\\Users\\doudou\\AppData\\Local\\Temp\\rust_mozprofilePdnWsk"
JavaScript error: resource://gre/modules/XULStore.jsm, line 66: Error: Can't find profile directory.
console.error: SearchCache: "_readCacheFile: Error reading cache file:" (new Error("", "(unknown module)"))
1598432889882	Marionette	INFO	Listening on port 27761
1598432890348	Marionette	WARN	TLS certificate errors will be ignored for this session
1598432910173	Marionette	INFO	Stopped listening on port 27761

###!!! [Child][RunMessage] Error: Channel closing: too late to send/recv, messages will be lost


###!!! [Child][MessageChannel::SendAndWait] Error: Channel error: cannot send/recv

1598433069441	mozrunner::runner	INFO	Running command: "C:\\Program Files\\Mozilla Firefox\\firefox.exe" "-marionette" "-foreground" "-no-remote" "-profile" "C:\\Users\\doudou\\AppData\\Local\\Temp\\rust_mozprofilemKynt6"
JavaScript error: resource://gre/modules/XULStore.jsm, line 66: Error: Can't find profile directory.
console.error: SearchCache: "_readCacheFile: Error reading cache file:" (new Error("", "(unknown module)"))
1598433073319	Marionette	INFO	Listening on port 27984
1598433073584	Marionette	WARN	TLS certificate errors will be ignored for this session
1598433085258	Marionette	INFO	Stopped listening on port 27984

###!!! [Child][MessageChannel::SendAndWait] Error: Channel error: cannot send/recv

1598433160964	mozrunner::runner	INFO	Running command: "C:\\Program Files\\Mozilla Firefox\\firefox.exe" "-marionette" "-foreground" "-no-remote" "-profile" "C:\\Users\\doudou\\AppData\\Local\\Temp\\rust_mozprofileG7d0nN"
JavaScript error: resource://gre/modules/XULStore.jsm, line 66: Error: Can't find profile directory.
console.error: SearchCache: "_readCacheFile: Error reading cache file:" (new Error("", "(unknown module)"))
1598433164826	Marionette	INFO	Listening on port 28185
1598433165107	Marionette	WARN	TLS certificate errors will be ignored for this session
console.error: Region.jsm: "Error fetching region" (new AbortError("The operation was aborted. ", (void 0), 636))
console.error: Region.jsm: "Failed to fetch region" (new Error("NO_RESULT", "resource://gre/modules/Region.jsm", 343))
1598433176858	Marionette	INFO	Stopped listening on port 28185

###!!! [Child][RunMessage] Error: Channel closing: too late to send/recv, messages will be lost


###!!! [Child][MessageChannel::SendAndWait] Error: Channel error: cannot send/recv

